<?xml version="1.0" encoding="UTF-8"?>
<!--
  ~ Ki-Tax: System for the management of external childcare subsidies
  ~ Copyright (C) 2017 City of Bern Switzerland
  ~ This program is free software: you can redistribute it and/or modify
  ~ it under the terms of the GNU Affero General Public License as
  ~ published by the Free Software Foundation, either version 3 of the
  ~ License, or (at your option) any later version.
  ~ This program is distributed in the hope that it will be useful,
  ~ but WITHOUT ANY WARRANTY; without even the implied warranty of
  ~ MERCHANTABILITY or FITNESS FOR A PARTICULAR PURPOSE. See the
  ~ GNU Affero General Public License for more details.
  ~ You should have received a copy of the GNU Affero General Public License
  ~ along with this program. If not, see <http://www.gnu.org/licenses/>.
  -->
<persistence version="2.0"
			 xmlns="http://java.sun.com/xml/ns/persistence" xmlns:xsi="http://www.w3.org/2001/XMLSchema-instance"
			 xsi:schemaLocation="
        http://java.sun.com/xml/ns/persistence
        http://java.sun.com/xml/ns/persistence/persistence_2_0.xsd">
	<persistence-unit name="ebeguPersistenceUnit">
		<!-- We use a different datasource for tests, so as to not overwrite
           production data. This is an unmanaged data source, backed by H2, an in memory
           database. Production applications should use a managed datasource. -->
		<!-- The datasource is deployed as WEB-INF/test-ds.xml,
           you can find it in the source at src/test/resources/test-ds.xml -->
		<jta-data-source>java:jboss/datasources/wildflyArqDemoTestDS</jta-data-source>
		<properties>
			<!-- Properties for Hibernate -->
			<!-- Wenn wir nicht create-drop verwenden wollen muessten wir flyway schon im server als dependency anziehen-->
			<property name="hibernate.hbm2ddl.auto" value="create-drop"/>
			<property name="hibernate.show_sql" value="false"/>
			<property name="hibernate.cache.use_second_level_cache" value="true"/>
			<property name="hibernate.physical_naming_strategy" value="ch.dvbern.ebegu.persistence.EbeguPhysicalNamingStrategyImpl"/>

		</properties>
	</persistence-unit>
</persistence>
