<?xml version="1.0" encoding="UTF-8"?>
<!--
  ~ Ki-Tax: System for the management of external childcare subsidies
  ~ Copyright (C) 2017 City of Bern Switzerland
  ~ This program is free software: you can redistribute it and/or modify
  ~ it under the terms of the GNU Affero General Public License as
  ~ published by the Free Software Foundation, either version 3 of the
  ~ License, or (at your option) any later version.
  ~ This program is distributed in the hope that it will be useful,
  ~ but WITHOUT ANY WARRANTY; without even the implied warranty of
  ~ MERCHANTABILITY or FITNESS FOR A PARTICULAR PURPOSE. See the
  ~ GNU Affero General Public License for more details.
  ~ You should have received a copy of the GNU Affero General Public License
  ~ along with this program. If not, see <http://www.gnu.org/licenses/>.
  -->
<!-- This is an unmanaged datasource. It should be used for proofs of concept
   or testing only. It uses H2, an in memory database that ships with JBoss
   AS. -->
<datasources xmlns="http://www.jboss.org/ironjacamar/schema"
			 xmlns:xsi="http://www.w3.org/2001/XMLSchema-instance"
			 xsi:schemaLocation="http://www.jboss.org/ironjacamar/schema http://docs.jboss.org/ironjacamar/schema/datasources_1_0.xsd">
	<!-- The datasource is bound into JNDI at this location. We reference
	   this in META-INF/test-persistence.xml -->
	<datasource jndi-name="java:jboss/datasources/wildflyArqDemoTestDS"
				pool-name="wildflyArqDemo-test" enabled="true"
				use-java-context="true">
		<connection-url>jdbc:h2:mem:wildflyArqDemo-test;DB_CLOSE_DELAY=-1;MVCC=true</connection-url>
		<driver>h2</driver>
		<security>
			<user-name>sa</user-name>
			<password>sa</password>
		</security>
	</datasource>
	<drivers>
		<driver name="h2" module="com.h2database.h2">
			<xa-datasource-class>org.h2.jdbcx.JdbcDataSource</xa-datasource-class>
		</driver>
	</drivers>
</datasources>
